<?xml version="1.0" encoding="UTF-8"?>
<!-- Generated by org.testng.reporters.JUnitReportReporter -->
<testsuite skipped="0" hostname="DESKTOP-M94BUN9" name="TSuites.AdminActions" tests="6" failures="0" timestamp="2021-12-08T21:50:32 IST" time="31.003" errors="0">
  <testcase name="ValidAdminUserLoginCheck" time="4.513" classname="TSuites.AdminActions"/>
  <system-out/>
  <testcase name="ManageProductsPageConfirm" time="4.334" classname="TSuites.AdminActions"/>
  <system-out/>
  <testcase name="AddMedicine" time="5.646" classname="TSuites.AdminActions"/>
  <system-out/>
  <testcase name="EditMedQty" time="7.652" classname="TSuites.AdminActions"/>
  <system-out/>
  <testcase name="EditedMedQty" time="4.790" classname="TSuites.AdminActions"/>
  <system-out/>
  <testcase name="userLogOutClick" time="4.068" classname="TSuites.AdminActions"/>
  <system-out/>
</testsuite> <!-- TSuites.AdminActions -->
