<?xml version="1.0" encoding="UTF-8"?>
<!-- Generated by org.testng.reporters.JUnitReportReporter -->
<testsuite skipped="0" hostname="DESKTOP-M94BUN9" name="test_suites.AdminActions" tests="7" failures="0" timestamp="2021-12-12T04:17:29 IST" time="54.694" errors="0">
  <testcase name="ValidAdminUserLoginCheck" time="4.513" classname="test_suites.AdminActions"/>
  <system-out/>
  <testcase name="ManageProductsPageConfirm" time="4.357" classname="test_suites.AdminActions"/>
  <system-out/>
  <testcase name="AddMedicine" time="5.928" classname="test_suites.AdminActions"/>
  <system-out/>
  <testcase name="EditMedQty" time="7.762" classname="test_suites.AdminActions"/>
  <system-out/>
  <testcase name="product_ActivateDeactivate" time="23.318" classname="test_suites.AdminActions"/>
  <system-out/>
  <testcase name="userLogOutClick" time="4.035" classname="test_suites.AdminActions"/>
  <system-out/>
  <testcase name="EditedMedQty" time="4.781" classname="test_suites.AdminActions"/>
  <system-out/>
</testsuite> <!-- test_suites.AdminActions -->
