<?xml version="1.0" encoding="UTF-8"?>
<!-- Generated by org.testng.reporters.JUnitReportReporter -->
<testsuite skipped="0"
	hostname="Krishnavenis-MacBook-Air.local" name="TSuites.Base" tests="1"
	failures="0" timestamp="2021-11-19T18:26:35 IST" time="0.152"
	errors="0">
	<testcase name="checkHomePage" time="0.152"
		classname="TSuites.Base" />
	<system-out />
</testsuite> <!-- TSuites.Base -->
