<?xml version="1.0" encoding="UTF-8"?>
<!-- Generated by org.testng.reporters.JUnitReportReporter -->
<testsuite skipped="0" hostname="DESKTOP-M94BUN9" name="test_suites.Shopping" tests="13" failures="0" timestamp="2021-12-12T04:17:29 IST" time="125.169" errors="0">
  <testcase name="InValidUserLoginCheck" time="5.702" classname="test_suites.Shopping"/>
  <system-out/>
  <testcase name="InValidPasswordLogin_Check1" time="5.695" classname="test_suites.Shopping"/>
  <system-out/>
  <testcase name="InvalidPassword_Check2" time="5.767" classname="test_suites.Shopping"/>
  <system-out/>
  <testcase name="ViewProductList_DropDownCheck" time="7.356" classname="test_suites.Shopping"/>
  <system-out/>
  <testcase name="ViewProductList" time="5.399" classname="test_suites.Shopping"/>
  <system-out/>
  <testcase name="ValidUserLoginCheck" time="5.859" classname="test_suites.Shopping"/>
  <system-out/>
  <testcase name="SearchBox_Check" time="6.340" classname="test_suites.Shopping"/>
  <system-out/>
  <testcase name="MedAddCart" time="15.801" classname="test_suites.Shopping"/>
  <system-out/>
  <testcase name="checkCart" time="11.552" classname="test_suites.Shopping"/>
  <system-out/>
  <testcase name="selectShipping" time="18.181" classname="test_suites.Shopping"/>
  <system-out/>
  <testcase name="orderConfirm" time="7.098" classname="test_suites.Shopping"/>
  <system-out/>
  <testcase name="userLogOutClick" time="4.009" classname="test_suites.Shopping"/>
  <system-out/>
  <testcase name="register_SignUpNewUser" time="26.410" classname="test_suites.Shopping"/>
  <system-out/>
</testsuite> <!-- test_suites.Shopping -->
