<?xml version="1.0" encoding="UTF-8"?>
<!-- Generated by org.testng.reporters.JUnitReportReporter -->
<testsuite skipped="0"
	hostname="Krishnavenis-MacBook-Air.local" name="TSuites.SiteMap"
	tests="7" failures="0" timestamp="2021-11-19T23:50:10 IST"
	time="44.364" errors="0">
	<testcase name="validateHomePage" time="3.198"
		classname="TSuites.SiteMap" />
	<system-out />
	<testcase name="validateContactPage" time="2.482"
		classname="TSuites.SiteMap" />
	<system-out />
	<testcase name="validateAboutPage" time="4.193"
		classname="TSuites.SiteMap" />
	<system-out />
	<testcase name="validateViewProducts" time="6.445"
		classname="TSuites.SiteMap" />
	<system-out />
	<testcase name="validateAntipyreticsViewProducts" time="9.502"
		classname="TSuites.SiteMap" />
	<system-out />
	<testcase name="validateAnalgesicsViewProducts" time="9.250"
		classname="TSuites.SiteMap" />
	<system-out />
	<testcase name="validateAntibioticsViewProducts" time="9.294"
		classname="TSuites.SiteMap" />
	<system-out />
</testsuite> <!-- TSuites.SiteMap -->
