<?xml version="1.0" encoding="UTF-8"?>
<!-- Generated by org.testng.reporters.JUnitReportReporter -->
<testsuite skipped="0" hostname="DESKTOP-M94BUN9" name="TSuites.SiteMap_Common" tests="9" failures="0" timestamp="2021-12-08T21:50:32 IST" time="49.141" errors="0">
  <testcase name="validateAboutPage" time="4.244" classname="TSuites.SiteMap_Common"/>
  <system-out/>
  <testcase name="validateHomePage" time="3.048" classname="TSuites.SiteMap_Common"/>
  <system-out/>
  <testcase name="validateContactPage" time="2.193" classname="TSuites.SiteMap_Common"/>
  <system-out/>
  <testcase name="validateViewProducts" time="6.260" classname="TSuites.SiteMap_Common"/>
  <system-out/>
  <testcase name="validateAntipyreticsViewProducts" time="9.278" classname="TSuites.SiteMap_Common"/>
  <system-out/>
  <testcase name="validateAnalgesicsViewProducts" time="9.247" classname="TSuites.SiteMap_Common"/>
  <system-out/>
  <testcase name="validateAntibioticsViewProducts" time="9.264" classname="TSuites.SiteMap_Common"/>
  <system-out/>
  <testcase name="validateSignupPage" time="2.215" classname="TSuites.SiteMap_Common"/>
  <system-out/>
  <testcase name="validateLoginPage" time="3.392" classname="TSuites.SiteMap_Common"/>
  <system-out/>
</testsuite> <!-- TSuites.SiteMap_Common -->
