<?xml version="1.0" encoding="UTF-8"?>
<!-- Generated by org.testng.reporters.JUnitReportReporter -->
<testsuite skipped="0" hostname="DESKTOP-M94BUN9" name="test_suites.SiteMap_Common" tests="9" failures="0" timestamp="2021-12-12T04:17:29 IST" time="42.114" errors="0">
  <testcase name="validateHomePage" time="3.095" classname="test_suites.SiteMap_Common"/>
  <system-out/>
  <testcase name="validateContactPage" time="4.263" classname="test_suites.SiteMap_Common"/>
  <system-out/>
  <testcase name="validateAboutPage" time="2.200" classname="test_suites.SiteMap_Common"/>
  <system-out/>
  <testcase name="validateViewProducts" time="4.291" classname="test_suites.SiteMap_Common"/>
  <system-out/>
  <testcase name="validate_Categories_AntipyreticsViewProducts" time="6.787" classname="test_suites.SiteMap_Common"/>
  <system-out/>
  <testcase name="validate_Categories_AnalgesicsViewProducts" time="6.769" classname="test_suites.SiteMap_Common"/>
  <system-out/>
  <testcase name="validate_Categories_AntibioticsViewProducts" time="6.778" classname="test_suites.SiteMap_Common"/>
  <system-out/>
  <testcase name="validateSignupPage" time="4.484" classname="test_suites.SiteMap_Common"/>
  <system-out/>
  <testcase name="validateLoginPage" time="3.447" classname="test_suites.SiteMap_Common"/>
  <system-out/>
</testsuite> <!-- test_suites.SiteMap_Common -->
