<?xml version="1.0" encoding="UTF-8"?>
<!-- Generated by org.testng.reporters.JUnitReportReporter -->
<testsuite skipped="0" hostname="DESKTOP-M94BUN9" name="TSuites.Shopping" tests="9" failures="0" timestamp="2021-12-08T21:50:32 IST" time="69.612" errors="0">
  <testcase name="InValidUserLoginCheck" time="5.605" classname="TSuites.Shopping"/>
  <system-out/>
  <testcase name="InValidPasswordLoginCheck" time="5.607" classname="TSuites.Shopping"/>
  <system-out/>
  <testcase name="ViewProductList" time="5.397" classname="TSuites.Shopping"/>
  <system-out/>
  <testcase name="ValidUserLoginCheck" time="5.924" classname="TSuites.Shopping"/>
  <system-out/>
  <testcase name="MedAddCart" time="13.562" classname="TSuites.Shopping"/>
  <system-out/>
  <testcase name="checkCart" time="11.404" classname="TSuites.Shopping"/>
  <system-out/>
  <testcase name="selectShipping" time="10.692" classname="TSuites.Shopping"/>
  <system-out/>
  <testcase name="orderConfirm" time="7.336" classname="TSuites.Shopping"/>
  <system-out/>
  <testcase name="userLogOutClick" time="4.085" classname="TSuites.Shopping"/>
  <system-out/>
</testsuite> <!-- TSuites.Shopping -->
